
/home/runner/work/exp-ga-interpret-coep/exp-ga-interpret-coep/experiment/simulation/js/bootstrap.min.js
  6:99     warning  't' is defined but never used                                              no-unused-vars
  6:121    warning  'jQuery' is not defined                                                    no-undef
  6:1063   warning  'jQuery' is not defined                                                    no-undef
  6:2025   warning  'jQuery' is not defined                                                    no-undef
  6:3973   warning  'jQuery' is not defined                                                    no-undef
  6:8061   warning  'jQuery' is not defined                                                    no-undef
  6:11443  warning  'jQuery' is not defined                                                    no-undef
  6:13818  warning  'jQuery' is not defined                                                    no-undef
  6:20192  warning  'jQuery' is not defined                                                    no-undef
  6:23482  warning  Do not access Object.prototype method 'hasOwnProperty' from target object  no-prototype-builtins
  6:31057  warning  'jQuery' is not defined                                                    no-undef
  6:32796  warning  'jQuery' is not defined                                                    no-undef
  6:35218  warning  'jQuery' is not defined                                                    no-undef
  6:37052  warning  'jQuery' is not defined                                                    no-undef
  6:39546  warning  'jQuery' is not defined                                                    no-undef

/home/runner/work/exp-ga-interpret-coep/exp-ga-interpret-coep/experiment/simulation/js/chart.js
      8:64   warning  'module' is not defined                                                    no-undef
      8:115  warning  'require' is not defined                                                   no-undef
      8:145  warning  Empty block statement                                                      no-empty
      9:33   warning  'define' is not defined                                                    no-undef
      9:46   warning  'define' is not defined                                                    no-undef
      9:157  warning  Empty block statement                                                      no-empty
     13:27   warning  Do not access Object.prototype method 'hasOwnProperty' from target object  no-prototype-builtins
    184:16   warning  Do not access Object.prototype method 'hasOwnProperty' from target object  no-prototype-builtins
    209:14   warning  Do not access Object.prototype method 'hasOwnProperty' from target object  no-prototype-builtins
    366:17   warning  Do not access Object.prototype method 'hasOwnProperty' from target object  no-prototype-builtins
   1044:5    warning  'conversions_1' is assigned a value but never used                         no-unused-vars
   1045:5    warning  'conversions_2' is assigned a value but never used                         no-unused-vars
   1046:5    warning  'conversions_3' is assigned a value but never used                         no-unused-vars
   1047:5    warning  'conversions_4' is assigned a value but never used                         no-unused-vars
   1048:5    warning  'conversions_5' is assigned a value but never used                         no-unused-vars
   1049:5    warning  'conversions_6' is assigned a value but never used                         no-unused-vars
   1050:5    warning  'conversions_7' is assigned a value but never used                         no-unused-vars
   1051:5    warning  'conversions_8' is assigned a value but never used                         no-unused-vars
   1052:5    warning  'conversions_9' is assigned a value but never used                         no-unused-vars
   1053:5    warning  'conversions_10' is assigned a value but never used                        no-unused-vars
   1054:5    warning  'conversions_11' is assigned a value but never used                        no-unused-vars
   1055:5    warning  'conversions_12' is assigned a value but never used                        no-unused-vars
   1056:5    warning  'conversions_13' is assigned a value but never used                        no-unused-vars
   1057:5    warning  'conversions_14' is assigned a value but never used                        no-unused-vars
   1058:5    warning  'conversions_15' is assigned a value but never used                        no-unused-vars
   1410:90   warning  Unnecessary escape character: \.                                           no-useless-escape
   1411:35   warning  Unnecessary escape character: \.                                           no-useless-escape
   1411:40   warning  Unnecessary escape character: \%                                           no-useless-escape
   1411:58   warning  Unnecessary escape character: \.                                           no-useless-escape
   1411:63   warning  Unnecessary escape character: \%                                           no-useless-escape
   1411:81   warning  Unnecessary escape character: \.                                           no-useless-escape
   1411:86   warning  Unnecessary escape character: \%                                           no-useless-escape
   1411:107  warning  Unnecessary escape character: \.                                           no-useless-escape
   1428:13   warning  Expected a conditional expression and instead saw an assignment            no-cond-assign
   1431:16   warning  'i' is already defined                                                     no-redeclare
   1438:13   warning  Expected a conditional expression and instead saw an assignment            no-cond-assign
   1439:16   warning  'i' is already defined                                                     no-redeclare
   1444:13   warning  Expected a conditional expression and instead saw an assignment            no-cond-assign
   1445:16   warning  'i' is already defined                                                     no-redeclare
   1450:13   warning  Expected a conditional expression and instead saw an assignment            no-cond-assign
   1460:13   warning  'i' is already defined                                                     no-redeclare
   1477:60   warning  Unnecessary escape character: \.                                           no-useless-escape
   1477:82   warning  Unnecessary escape character: \.                                           no-useless-escape
   1477:107  warning  Unnecessary escape character: \.                                           no-useless-escape
   1493:58   warning  Unnecessary escape character: \.                                           no-useless-escape
   1493:80   warning  Unnecessary escape character: \.                                           no-useless-escape
   1493:105  warning  Unnecessary escape character: \.                                           no-useless-escape
   1520:13   warning  Expected a conditional expression and instead saw an assignment            no-cond-assign
   1523:13   warning  Expected a conditional expression and instead saw an assignment            no-cond-assign
   1530:8    warning  'a' is already defined                                                     no-redeclare
   1648:14   warning  Expected a conditional expression and instead saw an assignment            no-cond-assign
   1650:14   warning  Expected a conditional expression and instead saw an assignment            no-cond-assign
   1960:15   warning  Do not access Object.prototype method 'hasOwnProperty' from target object  no-prototype-builtins
   2322:22   warning  Do not access Object.prototype method 'hasOwnProperty' from target object  no-prototype-builtins
   2394:48   warning  Do not access Object.prototype method 'hasOwnProperty' from target object  no-prototype-builtins
   3282:13   warning  Do not access Object.prototype method 'hasOwnProperty' from target object  no-prototype-builtins
   3292:14   warning  Do not access Object.prototype method 'hasOwnProperty' from target object  no-prototype-builtins
   7265:16   warning  Do not access Object.prototype method 'hasOwnProperty' from target object  no-prototype-builtins
   8093:28   warning  Do not access Object.prototype method 'hasOwnProperty' from target object  no-prototype-builtins
   8097:24   warning  Do not access Object.prototype method 'hasOwnProperty' from target object  no-prototype-builtins
   8101:19   warning  Do not access Object.prototype method 'hasOwnProperty' from target object  no-prototype-builtins
  10880:14   warning  'CanvasGradient' is already defined as a built-in global variable          no-redeclare
  10889:13   warning  'CanvasPattern' is already defined as a built-in global variable           no-redeclare
  16037:14   warning  Do not access Object.prototype method 'hasOwnProperty' from target object  no-prototype-builtins

/home/runner/work/exp-ga-interpret-coep/exp-ga-interpret-coep/experiment/simulation/js/jquery.js
  2:58     warning  'module' is not defined                                                    no-undef
  2:73     warning  'module' is not defined                                                    no-undef
  2:6324   warning  Expected a conditional expression and instead saw an assignment            no-cond-assign
  2:6580   warning  Expected a conditional expression and instead saw an assignment            no-cond-assign
  2:7011   warning  Expected a conditional expression and instead saw an assignment            no-cond-assign
  2:7270   warning  Empty block statement                                                      no-empty
  2:7839   warning  Expected a conditional expression and instead saw an assignment            no-cond-assign
  2:9709   warning  Expected a conditional expression and instead saw an assignment            no-cond-assign
  2:11311  warning  Expected a conditional expression and instead saw an assignment            no-cond-assign
  2:11887  warning  Expected a conditional expression and instead saw an assignment            no-cond-assign
  2:11925  warning  Expected a conditional expression and instead saw an assignment            no-cond-assign
  2:12343  warning  Empty block statement                                                      no-empty
  2:12906  warning  Expected a conditional expression and instead saw an assignment            no-cond-assign
  2:13218  warning  Expected a conditional expression and instead saw an assignment            no-cond-assign
  2:15046  warning  Expected a conditional expression and instead saw an assignment            no-cond-assign
  2:15317  warning  Expected a conditional expression and instead saw an assignment            no-cond-assign
  2:15517  warning  Expected a conditional expression and instead saw an assignment            no-cond-assign
  2:15893  warning  Do not access Object.prototype method 'hasOwnProperty' from target object  no-prototype-builtins
  2:16598  warning  Expected a conditional expression and instead saw an assignment            no-cond-assign
  2:18982  warning  Expected a conditional expression and instead saw an assignment            no-cond-assign
  2:19073  warning  Expected a conditional expression and instead saw an assignment            no-cond-assign
  2:19133  warning  Expected a conditional expression and instead saw an assignment            no-cond-assign
  2:20435  warning  Expected a conditional expression and instead saw an assignment            no-cond-assign
  2:21049  warning  Expected a conditional expression and instead saw an assignment            no-cond-assign
  2:21160  warning  Expected a conditional expression and instead saw an assignment            no-cond-assign
  2:23420  warning  Unnecessary escape character: \[                                           no-useless-escape
  2:23422  warning  Unnecessary escape character: \.                                           no-useless-escape
  2:30761  warning  Empty block statement                                                      no-empty
  2:31981  warning  Empty block statement                                                      no-empty
  3:7811   warning  Expected a conditional expression and instead saw an assignment            no-cond-assign
  3:7951   warning  Expected a conditional expression and instead saw an assignment            no-cond-assign
  3:8441   warning  Empty block statement                                                      no-empty
  3:11852  warning  Empty block statement                                                      no-empty
  3:14493  warning  Empty block statement                                                      no-empty
  3:24051  warning  Empty block statement                                                      no-empty
  3:26100  warning  Move function declaration to function body root                            no-inner-declarations
  3:30714  warning  Empty block statement                                                      no-empty
  4:2546   warning  Expected a conditional expression and instead saw an assignment            no-cond-assign
  4:5062   warning  Expected a conditional expression and instead saw an assignment            no-cond-assign
  4:11701  warning  Expected a conditional expression and instead saw an assignment            no-cond-assign
  4:13447  warning  Empty block statement                                                      no-empty
  4:14747  warning  Expected a conditional expression and instead saw an assignment            no-cond-assign
  4:14827  warning  Expected a conditional expression and instead saw an assignment            no-cond-assign
  4:15164  warning  Expected a conditional expression and instead saw an assignment            no-cond-assign
  4:15244  warning  Expected a conditional expression and instead saw an assignment            no-cond-assign
  4:15659  warning  Expected a conditional expression and instead saw an assignment            no-cond-assign
  4:15915  warning  Expected a conditional expression and instead saw an assignment            no-cond-assign
  4:16492  warning  Unnecessary escape character: \/                                           no-useless-escape
  4:17365  warning  Unnecessary escape character: \/                                           no-useless-escape
  4:17377  warning  Unnecessary escape character: \/                                           no-useless-escape
  4:17610  warning  Expected a conditional expression and instead saw an assignment            no-cond-assign
  4:20109  warning  Expected a conditional expression and instead saw an assignment            no-cond-assign
  4:22009  warning  Expected a conditional expression and instead saw an assignment            no-cond-assign
  4:27128  warning  Empty block statement                                                      no-empty
  4:27205  warning  Empty block statement                                                      no-empty
  5:812    warning  'define' is not defined                                                    no-undef
  5:824    warning  'define' is not defined                                                    no-undef

/home/runner/work/exp-ga-interpret-coep/exp-ga-interpret-coep/experiment/simulation/js/jquery.min.js
  2:71     warning  'module' is not defined                                                    no-undef
  2:86     warning  'module' is not defined                                                    no-undef
  2:5642   warning  Unexpected control character(s) in regular expression: \x1f, \x1f          no-control-regex
  2:6125   warning  Expected a conditional expression and instead saw an assignment            no-cond-assign
  2:6349   warning  Expected a conditional expression and instead saw an assignment            no-cond-assign
  2:6857   warning  Expected a conditional expression and instead saw an assignment            no-cond-assign
  2:7627   warning  Expected a conditional expression and instead saw an assignment            no-cond-assign
  2:9992   warning  Expected a conditional expression and instead saw an assignment            no-cond-assign
  2:10302  warning  Expected a conditional expression and instead saw an assignment            no-cond-assign
  2:12343  warning  Expected a conditional expression and instead saw an assignment            no-cond-assign
  2:12911  warning  Expected a conditional expression and instead saw an assignment            no-cond-assign
  2:12949  warning  Expected a conditional expression and instead saw an assignment            no-cond-assign
  2:13932  warning  Expected a conditional expression and instead saw an assignment            no-cond-assign
  2:14244  warning  Expected a conditional expression and instead saw an assignment            no-cond-assign
  2:16072  warning  Expected a conditional expression and instead saw an assignment            no-cond-assign
  2:16343  warning  Expected a conditional expression and instead saw an assignment            no-cond-assign
  2:16541  warning  Expected a conditional expression and instead saw an assignment            no-cond-assign
  2:16915  warning  Do not access Object.prototype method 'hasOwnProperty' from target object  no-prototype-builtins
  2:17605  warning  Expected a conditional expression and instead saw an assignment            no-cond-assign
  2:19425  warning  Expected a conditional expression and instead saw an assignment            no-cond-assign
  2:19525  warning  Expected a conditional expression and instead saw an assignment            no-cond-assign
  2:19585  warning  Expected a conditional expression and instead saw an assignment            no-cond-assign
  2:19769  warning  Expected a conditional expression and instead saw an assignment            no-cond-assign
  2:20938  warning  Expected a conditional expression and instead saw an assignment            no-cond-assign
  2:22210  warning  Expected a conditional expression and instead saw an assignment            no-cond-assign
  2:22321  warning  Expected a conditional expression and instead saw an assignment            no-cond-assign
  2:24487  warning  Unnecessary escape character: \/                                           no-useless-escape
  2:34099  warning  Empty block statement                                                      no-empty
  2:37844  warning  Unnecessary escape character: \/                                           no-useless-escape
  2:39493  warning  Expected a conditional expression and instead saw an assignment            no-cond-assign
  2:39609  warning  Expected a conditional expression and instead saw an assignment            no-cond-assign
  2:39807  warning  Empty block statement                                                      no-empty
  2:49360  warning  Expected a conditional expression and instead saw an assignment            no-cond-assign
  2:50920  warning  Empty block statement                                                      no-empty
  2:59547  warning  Expected a conditional expression and instead saw an assignment            no-cond-assign
  2:60716  warning  Expected a conditional expression and instead saw an assignment            no-cond-assign
  2:66348  warning  Expected a conditional expression and instead saw an assignment            no-cond-assign
  2:69224  warning  Expected a conditional expression and instead saw an assignment            no-cond-assign
  2:73102  warning  Empty block statement                                                      no-empty
  2:74715  warning  Expected a conditional expression and instead saw an assignment            no-cond-assign
  2:76309  warning  Expected a conditional expression and instead saw an assignment            no-cond-assign
  2:77089  warning  'r.href' is assigned to itself                                             no-self-assign
  2:81927  warning  Empty block statement                                                      no-empty
  2:85043  warning  Expected a conditional expression and instead saw an assignment            no-cond-assign
  2:89495  warning  'define' is not defined                                                    no-undef
  2:89507  warning  'define' is not defined                                                    no-undef

/home/runner/work/exp-ga-interpret-coep/exp-ga-interpret-coep/experiment/simulation/js/raphael.js
  5800:60  error  Parsing error: Deleting local variable in strict mode

/home/runner/work/exp-ga-interpret-coep/exp-ga-interpret-coep/experiment/simulation/js/raphael.min.js
  1:66     warning  'module' is not defined                                                                                                                          no-undef
  1:112    warning  'define' is not defined                                                                                                                          no-undef
  1:123    warning  'define' is not defined                                                                                                                          no-undef
  1:161    warning  'exports' is not defined                                                                                                                         no-undef
  1:1566   warning  'DocumentTouch' is not defined                                                                                                                   no-undef
  1:2001   warning  Unnecessary escape character: \.                                                                                                                 no-useless-escape
  1:2017   warning  Unnecessary escape character: \.                                                                                                                 no-useless-escape
  1:2033   warning  Unnecessary escape character: \.                                                                                                                 no-useless-escape
  1:2052   warning  Unnecessary escape character: \.                                                                                                                 no-useless-escape
  1:2081   warning  Unnecessary escape character: \.                                                                                                                 no-useless-escape
  1:2110   warning  Unnecessary escape character: \.                                                                                                                 no-useless-escape
  1:2126   warning  Unnecessary escape character: \.                                                                                                                 no-useless-escape
  1:2145   warning  Unnecessary escape character: \.                                                                                                                 no-useless-escape
  1:2174   warning  Unnecessary escape character: \.                                                                                                                 no-useless-escape
  1:2203   warning  Unnecessary escape character: \.                                                                                                                 no-useless-escape
  1:2219   warning  Unnecessary escape character: \.                                                                                                                 no-useless-escape
  1:2238   warning  Unnecessary escape character: \.                                                                                                                 no-useless-escape
  1:2346   warning  Unnecessary escape character: \)                                                                                                                 no-useless-escape
  1:3257   warning  Unexpected control character(s) in regular expression: \x09, \x0a, \x0b, \x0c, \x0d, \x09, \x0a, \x0b, \x0c, \x0d                                no-control-regex
  1:3582   warning  Unexpected control character(s) in regular expression: \x09, \x0a, \x0b, \x0c, \x0d, \x09, \x0a, \x0b, \x0c, \x0d, \x09, \x0a, \x0b, \x0c, \x0d  no-control-regex
  1:3756   warning  Unnecessary escape character: \-                                                                                                                 no-useless-escape
  1:4055   warning  Unexpected control character(s) in regular expression: \x09, \x0a, \x0b, \x0c, \x0d, \x09, \x0a, \x0b, \x0c, \x0d, \x09, \x0a, \x0b, \x0c, \x0d  no-control-regex
  1:4222   warning  Unnecessary escape character: \-                                                                                                                 no-useless-escape
  1:4521   warning  Unexpected control character(s) in regular expression: \x09, \x0a, \x0b, \x0c, \x0d, \x09, \x0a, \x0b, \x0c, \x0d                                no-control-regex
  1:4539   warning  Unnecessary escape character: \-                                                                                                                 no-useless-escape
  1:4856   warning  Unexpected control character(s) in regular expression: \x09, \x0a, \x0b, \x0c, \x0d, \x09, \x0a, \x0b, \x0c, \x0d                                no-control-regex
  1:5154   warning  Unnecessary escape character: \)                                                                                                                 no-useless-escape
  1:7857   warning  'ActiveXObject' is not defined                                                                                                                   no-undef
  1:7931   warning  'createPopup' is not defined                                                                                                                     no-undef
  1:19015  warning  Expected a 'break' statement before 'default'                                                                                                    no-fallthrough
  1:20113  warning  Expected a 'break' statement before 'default'                                                                                                    no-fallthrough
  1:20421  warning  Expected a 'break' statement before 'default'                                                                                                    no-fallthrough
  1:24342  warning  Unnecessary escape character: \.                                                                                                                 no-useless-escape
  1:35757  warning  't' is defined but never used                                                                                                                    no-unused-vars
  1:49075  warning  'r' is defined but never used                                                                                                                    no-unused-vars
  1:50549  warning  'i' is defined but never used                                                                                                                    no-unused-vars
  1:50598  warning  'r' is defined but never used                                                                                                                    no-unused-vars
  1:52666  warning  Unnecessary escape character: \}                                                                                                                 no-useless-escape
  1:53074  warning  Empty block statement                                                                                                                            no-empty
  1:53754  warning  Unnecessary escape character: \)                                                                                                                 no-useless-escape
  1:60967  warning  Unnecessary escape character: \-                                                                                                                 no-useless-escape
  1:72245  warning  Unnecessary escape character: \-                                                                                                                 no-useless-escape
  1:72515  warning  Unnecessary escape character: \(                                                                                                                 no-useless-escape
  1:72517  warning  Unnecessary escape character: \)                                                                                                                 no-useless-escape
  1:75570  warning  Expected a conditional expression and instead saw an assignment                                                                                  no-cond-assign
  1:77369  warning  Expected a 'break' statement before 'case'                                                                                                       no-fallthrough
  1:77405  warning  Expected a 'break' statement before 'case'                                                                                                       no-fallthrough
  1:77447  warning  Expected a 'break' statement before 'case'                                                                                                       no-fallthrough
  1:77582  warning  Expected a 'break' statement before 'case'                                                                                                       no-fallthrough
  1:77619  warning  Expected a 'break' statement before 'case'                                                                                                       no-fallthrough
  1:77661  warning  Expected a 'break' statement before 'case'                                                                                                       no-fallthrough
  1:79325  warning  Expected a 'break' statement before 'case'                                                                                                       no-fallthrough
  1:79783  warning  Expected a 'break' statement before 'case'                                                                                                       no-fallthrough
  1:79973  warning  Expected a 'break' statement before 'default'                                                                                                    no-fallthrough
  1:80032  warning  Unnecessary escape character: \-                                                                                                                 no-useless-escape
  1:89485  warning  'r' is defined but never used                                                                                                                    no-unused-vars
  1:89543  warning  Unnecessary escape character: \.                                                                                                                 no-useless-escape
  1:89545  warning  Unnecessary escape character: \/                                                                                                                 no-useless-escape
  1:90733  warning  Unnecessary escape character: \.                                                                                                                 no-useless-escape
  1:90735  warning  Unnecessary escape character: \^                                                                                                                 no-useless-escape
  1:90739  warning  Unnecessary escape character: \[                                                                                                                 no-useless-escape
  1:90741  warning  Unnecessary escape character: \-                                                                                                                 no-useless-escape
  1:90780  warning  Unnecessary escape character: \.                                                                                                                 no-useless-escape
  1:90782  warning  Unnecessary escape character: \/                                                                                                                 no-useless-escape
  1:91000  warning  Do not access Object.prototype method 'hasOwnProperty' from target object                                                                        no-prototype-builtins

/home/runner/work/exp-ga-interpret-coep/exp-ga-interpret-coep/experiment/simulation/js/toastr.min.js
  6:5072  warning  'define' is not defined   no-undef
  6:5083  warning  'define' is not defined   no-undef
  6:5132  warning  'module' is not defined   no-undef
  6:5147  warning  'module' is not defined   no-undef
  6:5164  warning  'require' is not defined  no-undef

/home/runner/work/exp-ga-interpret-coep/exp-ga-interpret-coep/experiment/simulation/src/mainPage.js
    1:6   warning  'timerMasterJson' is assigned a value but never used  no-unused-vars
   11:10  warning  'GAMimic' is defined but never used                   no-unused-vars
   12:2   warning  '$' is not defined                                    no-undef
   13:2   warning  '$' is not defined                                    no-undef
  140:2   warning  '$' is not defined                                    no-undef
  141:2   warning  '$' is not defined                                    no-undef
  141:28  warning  'evt' is defined but never used                       no-unused-vars
  143:3   warning  'GAMimic1' is not defined                             no-undef
  146:2   warning  '$' is not defined                                    no-undef
  149:3   warning  'result' is not defined                               no-undef
  153:1   warning  Mixed spaces and tabs                                 no-mixed-spaces-and-tabs
  154:1   warning  Mixed spaces and tabs                                 no-mixed-spaces-and-tabs
  154:4   warning  '$' is not defined                                    no-undef
  155:2   warning  Mixed spaces and tabs                                 no-mixed-spaces-and-tabs
  156:2   warning  Mixed spaces and tabs                                 no-mixed-spaces-and-tabs
  156:5   warning  '$' is not defined                                    no-undef
  157:2   warning  Mixed spaces and tabs                                 no-mixed-spaces-and-tabs
  157:5   warning  '$' is not defined                                    no-undef
  158:2   warning  Mixed spaces and tabs                                 no-mixed-spaces-and-tabs
  159:2   warning  Mixed spaces and tabs                                 no-mixed-spaces-and-tabs
  159:33  warning  '$' is not defined                                    no-undef
  160:2   warning  Mixed spaces and tabs                                 no-mixed-spaces-and-tabs
  160:36  warning  '$' is not defined                                    no-undef
  161:2   warning  Mixed spaces and tabs                                 no-mixed-spaces-and-tabs
  162:2   warning  Mixed spaces and tabs                                 no-mixed-spaces-and-tabs
  164:2   warning  Mixed spaces and tabs                                 no-mixed-spaces-and-tabs
  165:2   warning  Mixed spaces and tabs                                 no-mixed-spaces-and-tabs
  166:2   warning  Mixed spaces and tabs                                 no-mixed-spaces-and-tabs
  167:2   warning  Mixed spaces and tabs                                 no-mixed-spaces-and-tabs
  167:26  warning  'isAlphabetical' is not defined                       no-undef
  168:3   warning  Mixed spaces and tabs                                 no-mixed-spaces-and-tabs
  168:6   warning  '$' is not defined                                    no-undef
  175:6   warning  Mixed spaces and tabs                                 no-mixed-spaces-and-tabs
  175:8   warning  '$' is not defined                                    no-undef
  176:6   warning  Mixed spaces and tabs                                 no-mixed-spaces-and-tabs
  176:8   warning  '$' is not defined                                    no-undef
  177:5   warning  Mixed spaces and tabs                                 no-mixed-spaces-and-tabs
  178:4   warning  Mixed spaces and tabs                                 no-mixed-spaces-and-tabs
  178:13  warning  '$' is not defined                                    no-undef
  179:7   warning  '$' is not defined                                    no-undef
  180:2   warning  Mixed spaces and tabs                                 no-mixed-spaces-and-tabs
  180:15  warning  '$' is not defined                                    no-undef
  181:2   warning  Mixed spaces and tabs                                 no-mixed-spaces-and-tabs
  181:15  warning  '$' is not defined                                    no-undef
  182:2   warning  Mixed spaces and tabs                                 no-mixed-spaces-and-tabs
  182:15  warning  '$' is not defined                                    no-undef
  183:1   warning  Mixed spaces and tabs                                 no-mixed-spaces-and-tabs
  186:8   warning  '$' is not defined                                    no-undef
  190:8   warning  '$' is not defined                                    no-undef
  191:8   warning  '$' is not defined                                    no-undef
  192:8   warning  '$' is not defined                                    no-undef
  193:8   warning  '$' is not defined                                    no-undef
  201:3   warning  Mixed spaces and tabs                                 no-mixed-spaces-and-tabs
  202:3   warning  Mixed spaces and tabs                                 no-mixed-spaces-and-tabs
  202:20  warning  '$' is not defined                                    no-undef
  203:3   warning  Mixed spaces and tabs                                 no-mixed-spaces-and-tabs
  204:3   warning  Mixed spaces and tabs                                 no-mixed-spaces-and-tabs
  205:3   warning  Mixed spaces and tabs                                 no-mixed-spaces-and-tabs
  205:20  warning  '$' is not defined                                    no-undef
  206:3   warning  Mixed spaces and tabs                                 no-mixed-spaces-and-tabs
  207:3   warning  Mixed spaces and tabs                                 no-mixed-spaces-and-tabs
  208:3   warning  Mixed spaces and tabs                                 no-mixed-spaces-and-tabs
  208:20  warning  '$' is not defined                                    no-undef
  209:3   warning  Mixed spaces and tabs                                 no-mixed-spaces-and-tabs
  214:5   warning  Mixed spaces and tabs                                 no-mixed-spaces-and-tabs
  214:7   warning  '$' is not defined                                    no-undef
  215:6   warning  '$' is not defined                                    no-undef
  219:19  warning  '$' is not defined                                    no-undef
  221:5   warning  Mixed spaces and tabs                                 no-mixed-spaces-and-tabs
  222:6   warning  Mixed spaces and tabs                                 no-mixed-spaces-and-tabs
  222:8   warning  '$' is not defined                                    no-undef
  223:6   warning  Mixed spaces and tabs                                 no-mixed-spaces-and-tabs
  223:8   warning  '$' is not defined                                    no-undef
  224:4   warning  Mixed spaces and tabs                                 no-mixed-spaces-and-tabs
  224:13  warning  '$' is not defined                                    no-undef
  225:4   warning  Mixed spaces and tabs                                 no-mixed-spaces-and-tabs
  225:13  warning  '$' is not defined                                    no-undef
  226:7   warning  '$' is not defined                                    no-undef
  227:2   warning  Mixed spaces and tabs                                 no-mixed-spaces-and-tabs
  227:15  warning  '$' is not defined                                    no-undef
  228:2   warning  Mixed spaces and tabs                                 no-mixed-spaces-and-tabs
  228:15  warning  '$' is not defined                                    no-undef
  229:2   warning  Mixed spaces and tabs                                 no-mixed-spaces-and-tabs
  229:15  warning  '$' is not defined                                    no-undef
  230:2   warning  Mixed spaces and tabs                                 no-mixed-spaces-and-tabs
  230:16  warning  '$' is not defined                                    no-undef
  231:2   warning  Mixed spaces and tabs                                 no-mixed-spaces-and-tabs
  232:1   warning  Mixed spaces and tabs                                 no-mixed-spaces-and-tabs
  239:8   warning  '$' is not defined                                    no-undef
  240:8   warning  '$' is not defined                                    no-undef
  242:8   warning  '$' is not defined                                    no-undef
  243:8   warning  '$' is not defined                                    no-undef
  251:6   warning  Mixed spaces and tabs                                 no-mixed-spaces-and-tabs
  251:8   warning  '$' is not defined                                    no-undef
  252:6   warning  Mixed spaces and tabs                                 no-mixed-spaces-and-tabs
  252:10  warning  '$' is not defined                                    no-undef
  254:7   warning  '$' is not defined                                    no-undef
  260:1   warning  Mixed spaces and tabs                                 no-mixed-spaces-and-tabs
  270:2   warning  Mixed spaces and tabs                                 no-mixed-spaces-and-tabs
  322:2   warning  Mixed spaces and tabs                                 no-mixed-spaces-and-tabs
  322:5   warning  '$' is not defined                                    no-undef
  323:3   warning  Mixed spaces and tabs                                 no-mixed-spaces-and-tabs
  323:6   warning  '$' is not defined                                    no-undef
  324:1   warning  Mixed spaces and tabs                                 no-mixed-spaces-and-tabs
  324:28  warning  '$' is not defined                                    no-undef
  326:1   warning  Mixed spaces and tabs                                 no-mixed-spaces-and-tabs
  358:1   warning  Mixed spaces and tabs                                 no-mixed-spaces-and-tabs
  358:12  warning  '$' is not defined                                    no-undef
  359:1   warning  Mixed spaces and tabs                                 no-mixed-spaces-and-tabs
  360:1   warning  Mixed spaces and tabs                                 no-mixed-spaces-and-tabs
  361:1   warning  Mixed spaces and tabs                                 no-mixed-spaces-and-tabs
  362:1   warning  Mixed spaces and tabs                                 no-mixed-spaces-and-tabs
  366:1   warning  Mixed spaces and tabs                                 no-mixed-spaces-and-tabs
  367:1   warning  Mixed spaces and tabs                                 no-mixed-spaces-and-tabs
  368:1   warning  Mixed spaces and tabs                                 no-mixed-spaces-and-tabs
  369:1   warning  Mixed spaces and tabs                                 no-mixed-spaces-and-tabs
  370:1   warning  Mixed spaces and tabs                                 no-mixed-spaces-and-tabs
  374:1   warning  Mixed spaces and tabs                                 no-mixed-spaces-and-tabs
  375:1   warning  Mixed spaces and tabs                                 no-mixed-spaces-and-tabs
  376:1   warning  Mixed spaces and tabs                                 no-mixed-spaces-and-tabs
  377:1   warning  Mixed spaces and tabs                                 no-mixed-spaces-and-tabs
  378:1   warning  Mixed spaces and tabs                                 no-mixed-spaces-and-tabs
  379:1   warning  Mixed spaces and tabs                                 no-mixed-spaces-and-tabs
  380:1   warning  Mixed spaces and tabs                                 no-mixed-spaces-and-tabs
  381:22  warning  '$' is not defined                                    no-undef
  388:21  warning  'z' is assigned a value but never used                no-unused-vars
  389:17  warning  '$' is not defined                                    no-undef
  390:17  warning  '$' is not defined                                    no-undef
  391:17  warning  '$' is not defined                                    no-undef
  396:17  warning  '$' is not defined                                    no-undef
  397:17  warning  '$' is not defined                                    no-undef
  398:17  warning  '$' is not defined                                    no-undef
  402:12  warning  Mixed spaces and tabs                                 no-mixed-spaces-and-tabs
  407:21  warning  '$' is not defined                                    no-undef
  409:39  warning  '$' is not defined                                    no-undef
  444:41  warning  '$' is not defined                                    no-undef
  445:45  warning  '$' is not defined                                    no-undef
  446:44  warning  '$' is not defined                                    no-undef
  456:33  warning  '$' is not defined                                    no-undef
  470:37  warning  '$' is not defined                                    no-undef
  477:25  warning  '$' is not defined                                    no-undef
  478:25  warning  'toastr' is not defined                               no-undef
  481:29  warning  '$' is not defined                                    no-undef
  498:29  warning  '$' is not defined                                    no-undef
  499:29  warning  '$' is not defined                                    no-undef
  504:29  warning  '$' is not defined                                    no-undef
  509:29  warning  'z' is assigned a value but never used                no-unused-vars
  510:25  warning  '$' is not defined                                    no-undef
  511:25  warning  '$' is not defined                                    no-undef
  512:25  warning  '$' is not defined                                    no-undef
  517:25  warning  '$' is not defined                                    no-undef
  518:25  warning  '$' is not defined                                    no-undef
  519:25  warning  '$' is not defined                                    no-undef
  522:12  warning  Mixed spaces and tabs                                 no-mixed-spaces-and-tabs
  525:12  warning  Mixed spaces and tabs                                 no-mixed-spaces-and-tabs
  529:18  warning  '$' is not defined                                    no-undef
  532:36  warning  '$' is not defined                                    no-undef
  560:16  warning  Mixed spaces and tabs                                 no-mixed-spaces-and-tabs
  561:16  warning  Mixed spaces and tabs                                 no-mixed-spaces-and-tabs
  562:16  warning  Mixed spaces and tabs                                 no-mixed-spaces-and-tabs
  563:16  warning  Mixed spaces and tabs                                 no-mixed-spaces-and-tabs
  565:16  warning  Mixed spaces and tabs                                 no-mixed-spaces-and-tabs
  566:16  warning  Mixed spaces and tabs                                 no-mixed-spaces-and-tabs
  566:33  warning  '$' is not defined                                    no-undef
  567:16  warning  Mixed spaces and tabs                                 no-mixed-spaces-and-tabs
  568:16  warning  Mixed spaces and tabs                                 no-mixed-spaces-and-tabs
  569:16  warning  Mixed spaces and tabs                                 no-mixed-spaces-and-tabs
  570:16  warning  Mixed spaces and tabs                                 no-mixed-spaces-and-tabs
  571:16  warning  Mixed spaces and tabs                                 no-mixed-spaces-and-tabs
  572:16  warning  Mixed spaces and tabs                                 no-mixed-spaces-and-tabs
  573:16  warning  Mixed spaces and tabs                                 no-mixed-spaces-and-tabs
  573:22  warning  '$' is not defined                                    no-undef
  574:16  warning  Mixed spaces and tabs                                 no-mixed-spaces-and-tabs
  575:16  warning  Mixed spaces and tabs                                 no-mixed-spaces-and-tabs
  575:26  warning  'midX' is assigned a value but never used             no-unused-vars
  576:16  warning  Mixed spaces and tabs                                 no-mixed-spaces-and-tabs
  576:26  warning  'midY' is assigned a value but never used             no-unused-vars
  578:16  warning  Mixed spaces and tabs                                 no-mixed-spaces-and-tabs
  586:16  warning  Mixed spaces and tabs                                 no-mixed-spaces-and-tabs
  587:16  warning  Mixed spaces and tabs                                 no-mixed-spaces-and-tabs
  587:22  warning  '$' is not defined                                    no-undef
  589:16  warning  Mixed spaces and tabs                                 no-mixed-spaces-and-tabs
  590:16  warning  Mixed spaces and tabs                                 no-mixed-spaces-and-tabs
  590:51  warning  '$' is not defined                                    no-undef
  591:16  warning  Mixed spaces and tabs                                 no-mixed-spaces-and-tabs
  593:16  warning  Mixed spaces and tabs                                 no-mixed-spaces-and-tabs
  594:16  warning  Mixed spaces and tabs                                 no-mixed-spaces-and-tabs
  610:16  warning  Mixed spaces and tabs                                 no-mixed-spaces-and-tabs
  610:22  warning  '$' is not defined                                    no-undef
  611:16  warning  Mixed spaces and tabs                                 no-mixed-spaces-and-tabs
  611:22  warning  '$' is not defined                                    no-undef
  612:16  warning  Mixed spaces and tabs                                 no-mixed-spaces-and-tabs
  614:26  warning  '$' is not defined                                    no-undef
  619:26  warning  'z' is assigned a value but never used                no-unused-vars
  620:22  warning  '$' is not defined                                    no-undef
  621:22  warning  '$' is not defined                                    no-undef
  622:22  warning  '$' is not defined                                    no-undef
  627:22  warning  '$' is not defined                                    no-undef
  628:22  warning  '$' is not defined                                    no-undef
  629:22  warning  '$' is not defined                                    no-undef

/home/runner/work/exp-ga-interpret-coep/exp-ga-interpret-coep/experiment/simulation/src/mainPageAirFilter.js
    2:10  warning  'GAMimic1' is defined but never used                  no-unused-vars
    3:1   warning  Mixed spaces and tabs                                 no-mixed-spaces-and-tabs
    3:7   warning  'timerMasterJson' is assigned a value but never used  no-unused-vars
    4:1   warning  Mixed spaces and tabs                                 no-mixed-spaces-and-tabs
    5:1   warning  Mixed spaces and tabs                                 no-mixed-spaces-and-tabs
    6:1   warning  Mixed spaces and tabs                                 no-mixed-spaces-and-tabs
   10:1   warning  Mixed spaces and tabs                                 no-mixed-spaces-and-tabs
   11:1   warning  Mixed spaces and tabs                                 no-mixed-spaces-and-tabs
   12:1   warning  Mixed spaces and tabs                                 no-mixed-spaces-and-tabs
   13:2   warning  '$' is not defined                                    no-undef
   14:2   warning  '$' is not defined                                    no-undef
  140:2   warning  '$' is not defined                                    no-undef
  141:2   warning  '$' is not defined                                    no-undef
  144:3   warning  'result' is not defined                               no-undef
  148:1   warning  Mixed spaces and tabs                                 no-mixed-spaces-and-tabs
  149:1   warning  Mixed spaces and tabs                                 no-mixed-spaces-and-tabs
  149:4   warning  '$' is not defined                                    no-undef
  150:2   warning  Mixed spaces and tabs                                 no-mixed-spaces-and-tabs
  151:2   warning  Mixed spaces and tabs                                 no-mixed-spaces-and-tabs
  151:5   warning  '$' is not defined                                    no-undef
  152:2   warning  Mixed spaces and tabs                                 no-mixed-spaces-and-tabs
  152:5   warning  '$' is not defined                                    no-undef
  153:2   warning  Mixed spaces and tabs                                 no-mixed-spaces-and-tabs
  154:2   warning  Mixed spaces and tabs                                 no-mixed-spaces-and-tabs
  154:33  warning  '$' is not defined                                    no-undef
  155:2   warning  Mixed spaces and tabs                                 no-mixed-spaces-and-tabs
  155:36  warning  '$' is not defined                                    no-undef
  156:2   warning  Mixed spaces and tabs                                 no-mixed-spaces-and-tabs
  157:2   warning  Mixed spaces and tabs                                 no-mixed-spaces-and-tabs
  159:2   warning  Mixed spaces and tabs                                 no-mixed-spaces-and-tabs
  160:2   warning  Mixed spaces and tabs                                 no-mixed-spaces-and-tabs
  161:2   warning  Mixed spaces and tabs                                 no-mixed-spaces-and-tabs
  162:2   warning  Mixed spaces and tabs                                 no-mixed-spaces-and-tabs
  162:26  warning  'isAlphabetical' is not defined                       no-undef
  163:3   warning  Mixed spaces and tabs                                 no-mixed-spaces-and-tabs
  163:6   warning  '$' is not defined                                    no-undef
  170:6   warning  Mixed spaces and tabs                                 no-mixed-spaces-and-tabs
  170:8   warning  '$' is not defined                                    no-undef
  171:6   warning  Mixed spaces and tabs                                 no-mixed-spaces-and-tabs
  171:8   warning  '$' is not defined                                    no-undef
  172:5   warning  Mixed spaces and tabs                                 no-mixed-spaces-and-tabs
  173:4   warning  Mixed spaces and tabs                                 no-mixed-spaces-and-tabs
  173:13  warning  '$' is not defined                                    no-undef
  174:7   warning  '$' is not defined                                    no-undef
  175:2   warning  Mixed spaces and tabs                                 no-mixed-spaces-and-tabs
  175:15  warning  '$' is not defined                                    no-undef
  176:2   warning  Mixed spaces and tabs                                 no-mixed-spaces-and-tabs
  176:15  warning  '$' is not defined                                    no-undef
  177:2   warning  Mixed spaces and tabs                                 no-mixed-spaces-and-tabs
  177:15  warning  '$' is not defined                                    no-undef
  178:1   warning  Mixed spaces and tabs                                 no-mixed-spaces-and-tabs
  181:8   warning  '$' is not defined                                    no-undef
  185:8   warning  '$' is not defined                                    no-undef
  186:8   warning  '$' is not defined                                    no-undef
  187:8   warning  '$' is not defined                                    no-undef
  188:8   warning  '$' is not defined                                    no-undef
  196:3   warning  Mixed spaces and tabs                                 no-mixed-spaces-and-tabs
  197:3   warning  Mixed spaces and tabs                                 no-mixed-spaces-and-tabs
  197:20  warning  '$' is not defined                                    no-undef
  198:3   warning  Mixed spaces and tabs                                 no-mixed-spaces-and-tabs
  199:3   warning  Mixed spaces and tabs                                 no-mixed-spaces-and-tabs
  200:3   warning  Mixed spaces and tabs                                 no-mixed-spaces-and-tabs
  200:20  warning  '$' is not defined                                    no-undef
  201:3   warning  Mixed spaces and tabs                                 no-mixed-spaces-and-tabs
  202:3   warning  Mixed spaces and tabs                                 no-mixed-spaces-and-tabs
  203:3   warning  Mixed spaces and tabs                                 no-mixed-spaces-and-tabs
  203:20  warning  '$' is not defined                                    no-undef
  204:3   warning  Mixed spaces and tabs                                 no-mixed-spaces-and-tabs
  209:5   warning  Mixed spaces and tabs                                 no-mixed-spaces-and-tabs
  209:7   warning  '$' is not defined                                    no-undef
  210:6   warning  '$' is not defined                                    no-undef
  214:19  warning  '$' is not defined                                    no-undef
  216:5   warning  Mixed spaces and tabs                                 no-mixed-spaces-and-tabs
  217:6   warning  Mixed spaces and tabs                                 no-mixed-spaces-and-tabs
  217:8   warning  '$' is not defined                                    no-undef
  218:6   warning  Mixed spaces and tabs                                 no-mixed-spaces-and-tabs
  218:8   warning  '$' is not defined                                    no-undef
  219:4   warning  Mixed spaces and tabs                                 no-mixed-spaces-and-tabs
  219:13  warning  '$' is not defined                                    no-undef
  220:4   warning  Mixed spaces and tabs                                 no-mixed-spaces-and-tabs
  220:13  warning  '$' is not defined                                    no-undef
  221:7   warning  '$' is not defined                                    no-undef
  222:2   warning  Mixed spaces and tabs                                 no-mixed-spaces-and-tabs
  222:15  warning  '$' is not defined                                    no-undef
  223:2   warning  Mixed spaces and tabs                                 no-mixed-spaces-and-tabs
  223:15  warning  '$' is not defined                                    no-undef
  224:2   warning  Mixed spaces and tabs                                 no-mixed-spaces-and-tabs
  224:15  warning  '$' is not defined                                    no-undef
  225:2   warning  Mixed spaces and tabs                                 no-mixed-spaces-and-tabs
  225:16  warning  '$' is not defined                                    no-undef
  226:1   warning  Mixed spaces and tabs                                 no-mixed-spaces-and-tabs
  233:8   warning  '$' is not defined                                    no-undef
  234:8   warning  '$' is not defined                                    no-undef
  236:8   warning  '$' is not defined                                    no-undef
  237:8   warning  '$' is not defined                                    no-undef
  245:6   warning  Mixed spaces and tabs                                 no-mixed-spaces-and-tabs
  245:8   warning  '$' is not defined                                    no-undef
  246:6   warning  Mixed spaces and tabs                                 no-mixed-spaces-and-tabs
  246:10  warning  '$' is not defined                                    no-undef
  248:7   warning  '$' is not defined                                    no-undef
  254:1   warning  Mixed spaces and tabs                                 no-mixed-spaces-and-tabs
  264:2   warning  Mixed spaces and tabs                                 no-mixed-spaces-and-tabs
  316:2   warning  Mixed spaces and tabs                                 no-mixed-spaces-and-tabs
  316:5   warning  '$' is not defined                                    no-undef
  317:3   warning  Mixed spaces and tabs                                 no-mixed-spaces-and-tabs
  317:6   warning  '$' is not defined                                    no-undef
  318:1   warning  Mixed spaces and tabs                                 no-mixed-spaces-and-tabs
  318:28  warning  '$' is not defined                                    no-undef
  320:1   warning  Mixed spaces and tabs                                 no-mixed-spaces-and-tabs
  354:1   warning  Mixed spaces and tabs                                 no-mixed-spaces-and-tabs
  354:12  warning  '$' is not defined                                    no-undef
  355:1   warning  Mixed spaces and tabs                                 no-mixed-spaces-and-tabs
  356:1   warning  Mixed spaces and tabs                                 no-mixed-spaces-and-tabs
  357:1   warning  Mixed spaces and tabs                                 no-mixed-spaces-and-tabs
  358:1   warning  Mixed spaces and tabs                                 no-mixed-spaces-and-tabs
  362:1   warning  Mixed spaces and tabs                                 no-mixed-spaces-and-tabs
  363:1   warning  Mixed spaces and tabs                                 no-mixed-spaces-and-tabs
  364:1   warning  Mixed spaces and tabs                                 no-mixed-spaces-and-tabs
  365:1   warning  Mixed spaces and tabs                                 no-mixed-spaces-and-tabs
  366:1   warning  Mixed spaces and tabs                                 no-mixed-spaces-and-tabs
  370:1   warning  Mixed spaces and tabs                                 no-mixed-spaces-and-tabs
  371:1   warning  Mixed spaces and tabs                                 no-mixed-spaces-and-tabs
  372:1   warning  Mixed spaces and tabs                                 no-mixed-spaces-and-tabs
  373:1   warning  Mixed spaces and tabs                                 no-mixed-spaces-and-tabs
  374:1   warning  Mixed spaces and tabs                                 no-mixed-spaces-and-tabs
  375:1   warning  Mixed spaces and tabs                                 no-mixed-spaces-and-tabs
  376:1   warning  Mixed spaces and tabs                                 no-mixed-spaces-and-tabs
  377:22  warning  '$' is not defined                                    no-undef
  384:21  warning  'z' is assigned a value but never used                no-unused-vars
  385:17  warning  '$' is not defined                                    no-undef
  386:17  warning  '$' is not defined                                    no-undef
  387:17  warning  '$' is not defined                                    no-undef
  392:17  warning  '$' is not defined                                    no-undef
  393:17  warning  '$' is not defined                                    no-undef
  394:17  warning  '$' is not defined                                    no-undef
  398:12  warning  Mixed spaces and tabs                                 no-mixed-spaces-and-tabs
  403:21  warning  '$' is not defined                                    no-undef
  405:39  warning  '$' is not defined                                    no-undef
  440:41  warning  '$' is not defined                                    no-undef
  441:45  warning  '$' is not defined                                    no-undef
  442:44  warning  '$' is not defined                                    no-undef
  452:33  warning  '$' is not defined                                    no-undef
  466:37  warning  '$' is not defined                                    no-undef
  476:29  warning  '$' is not defined                                    no-undef
  493:29  warning  '$' is not defined                                    no-undef
  494:29  warning  '$' is not defined                                    no-undef
  495:29  warning  '$' is not defined                                    no-undef
  499:29  warning  '$' is not defined                                    no-undef
  504:29  warning  'z' is assigned a value but never used                no-unused-vars
  505:25  warning  '$' is not defined                                    no-undef
  506:25  warning  '$' is not defined                                    no-undef
  507:25  warning  '$' is not defined                                    no-undef
  512:25  warning  '$' is not defined                                    no-undef
  513:25  warning  '$' is not defined                                    no-undef
  514:25  warning  '$' is not defined                                    no-undef
  517:12  warning  Mixed spaces and tabs                                 no-mixed-spaces-and-tabs
  520:12  warning  Mixed spaces and tabs                                 no-mixed-spaces-and-tabs
  524:18  warning  '$' is not defined                                    no-undef
  527:36  warning  '$' is not defined                                    no-undef
  555:16  warning  Mixed spaces and tabs                                 no-mixed-spaces-and-tabs
  556:16  warning  Mixed spaces and tabs                                 no-mixed-spaces-and-tabs
  557:16  warning  Mixed spaces and tabs                                 no-mixed-spaces-and-tabs
  558:16  warning  Mixed spaces and tabs                                 no-mixed-spaces-and-tabs
  560:16  warning  Mixed spaces and tabs                                 no-mixed-spaces-and-tabs
  561:16  warning  Mixed spaces and tabs                                 no-mixed-spaces-and-tabs
  561:33  warning  '$' is not defined                                    no-undef
  562:16  warning  Mixed spaces and tabs                                 no-mixed-spaces-and-tabs
  563:16  warning  Mixed spaces and tabs                                 no-mixed-spaces-and-tabs
  564:16  warning  Mixed spaces and tabs                                 no-mixed-spaces-and-tabs
  565:16  warning  Mixed spaces and tabs                                 no-mixed-spaces-and-tabs
  566:16  warning  Mixed spaces and tabs                                 no-mixed-spaces-and-tabs
  567:16  warning  Mixed spaces and tabs                                 no-mixed-spaces-and-tabs
  569:16  warning  Mixed spaces and tabs                                 no-mixed-spaces-and-tabs
  570:16  warning  Mixed spaces and tabs                                 no-mixed-spaces-and-tabs
  570:26  warning  'midX' is assigned a value but never used             no-unused-vars
  571:16  warning  Mixed spaces and tabs                                 no-mixed-spaces-and-tabs
  571:26  warning  'midY' is assigned a value but never used             no-unused-vars
  573:16  warning  Mixed spaces and tabs                                 no-mixed-spaces-and-tabs
  581:16  warning  Mixed spaces and tabs                                 no-mixed-spaces-and-tabs
  582:16  warning  Mixed spaces and tabs                                 no-mixed-spaces-and-tabs
  582:22  warning  '$' is not defined                                    no-undef
  584:16  warning  Mixed spaces and tabs                                 no-mixed-spaces-and-tabs
  585:16  warning  Mixed spaces and tabs                                 no-mixed-spaces-and-tabs
  585:51  warning  '$' is not defined                                    no-undef
  586:16  warning  Mixed spaces and tabs                                 no-mixed-spaces-and-tabs
  588:16  warning  Mixed spaces and tabs                                 no-mixed-spaces-and-tabs
  589:16  warning  Mixed spaces and tabs                                 no-mixed-spaces-and-tabs
  605:16  warning  Mixed spaces and tabs                                 no-mixed-spaces-and-tabs
  605:22  warning  '$' is not defined                                    no-undef
  606:16  warning  Mixed spaces and tabs                                 no-mixed-spaces-and-tabs
  606:22  warning  '$' is not defined                                    no-undef
  607:16  warning  Mixed spaces and tabs                                 no-mixed-spaces-and-tabs
  607:22  warning  '$' is not defined                                    no-undef
  609:26  warning  '$' is not defined                                    no-undef
  614:26  warning  'z' is assigned a value but never used                no-unused-vars
  615:22  warning  '$' is not defined                                    no-undef
  616:22  warning  '$' is not defined                                    no-undef
  617:22  warning  '$' is not defined                                    no-undef
  622:22  warning  '$' is not defined                                    no-undef
  623:22  warning  '$' is not defined                                    no-undef
  624:22  warning  '$' is not defined                                    no-undef

/home/runner/work/exp-ga-interpret-coep/exp-ga-interpret-coep/experiment/simulation/src/popupData.js
    1:3   warning  '$' is not defined     no-undef
    3:3   warning  Mixed spaces and tabs  no-mixed-spaces-and-tabs
    3:5   warning  '$' is not defined     no-undef
    4:3   warning  Mixed spaces and tabs  no-mixed-spaces-and-tabs
    4:5   warning  '$' is not defined     no-undef
    5:3   warning  Mixed spaces and tabs  no-mixed-spaces-and-tabs
    5:5   warning  '$' is not defined     no-undef
    6:3   warning  Mixed spaces and tabs  no-mixed-spaces-and-tabs
    6:5   warning  '$' is not defined     no-undef
    7:4   warning  'htm' is not defined   no-undef
   19:4   warning  '$' is not defined     no-undef
   19:26  warning  'htm' is not defined   no-undef
   22:4   warning  '$' is not defined     no-undef
   23:4   warning  Mixed spaces and tabs  no-mixed-spaces-and-tabs
   23:6   warning  '$' is not defined     no-undef
   24:4   warning  Mixed spaces and tabs  no-mixed-spaces-and-tabs
   24:6   warning  '$' is not defined     no-undef
   25:4   warning  Mixed spaces and tabs  no-mixed-spaces-and-tabs
   25:6   warning  '$' is not defined     no-undef
   26:4   warning  Mixed spaces and tabs  no-mixed-spaces-and-tabs
   26:6   warning  '$' is not defined     no-undef
   28:5   warning  'htm' is not defined   no-undef
   99:5   warning  '$' is not defined     no-undef
   99:27  warning  'htm' is not defined   no-undef
  101:4   warning  '$' is not defined     no-undef
  102:4   warning  Mixed spaces and tabs  no-mixed-spaces-and-tabs
  102:6   warning  '$' is not defined     no-undef
  103:4   warning  Mixed spaces and tabs  no-mixed-spaces-and-tabs
  103:6   warning  '$' is not defined     no-undef
  104:4   warning  Mixed spaces and tabs  no-mixed-spaces-and-tabs
  104:6   warning  '$' is not defined     no-undef
  105:4   warning  Mixed spaces and tabs  no-mixed-spaces-and-tabs
  105:6   warning  '$' is not defined     no-undef
  107:5   warning  'htm' is not defined   no-undef
  189:5   warning  '$' is not defined     no-undef
  189:27  warning  'htm' is not defined   no-undef

/home/runner/work/exp-ga-interpret-coep/exp-ga-interpret-coep/experiment/simulation/src/result.js
    1:10  warning  'result' is defined but never used  no-unused-vars
    2:2   warning  'timerMasterJson' is not defined    no-undef
    2:23  warning  '$' is not defined                  no-undef
    3:14  warning  'timerMasterJson' is not defined    no-undef
    4:2   warning  'seconds' is not defined            no-undef
    5:1   warning  Mixed spaces and tabs               no-mixed-spaces-and-tabs
    5:4   warning  'updateCounter' is not defined      no-undef
    6:2   warning  '$' is not defined                  no-undef
    7:2   warning  '$' is not defined                  no-undef
    8:2   warning  '$' is not defined                  no-undef
   10:2   warning  'htm' is not defined                no-undef
   12:1   warning  Mixed spaces and tabs               no-mixed-spaces-and-tabs
   56:31  warning  'timerMasterJson' is not defined    no-undef
   92:1   warning  Mixed spaces and tabs               no-mixed-spaces-and-tabs
  109:55  warning  'resultJson' is not defined         no-undef
  110:1   warning  Mixed spaces and tabs               no-mixed-spaces-and-tabs
  125:1   warning  Mixed spaces and tabs               no-mixed-spaces-and-tabs
  126:1   warning  Mixed spaces and tabs               no-mixed-spaces-and-tabs
  126:54  warning  'resultJson' is not defined         no-undef
  127:1   warning  Mixed spaces and tabs               no-mixed-spaces-and-tabs
  231:5   warning  '$' is not defined                  no-undef
  231:24  warning  'htm' is not defined                no-undef
  233:25  warning  'resultJson' is not defined         no-undef
  234:24  warning  'resultJson' is not defined         no-undef
  252:2   warning  Mixed spaces and tabs               no-mixed-spaces-and-tabs
  253:1   warning  Mixed spaces and tabs               no-mixed-spaces-and-tabs
  256:1   warning  Mixed spaces and tabs               no-mixed-spaces-and-tabs
  256:3   warning  '$' is not defined                  no-undef
  262:2   warning  Mixed spaces and tabs               no-mixed-spaces-and-tabs
  266:2   warning  Mixed spaces and tabs               no-mixed-spaces-and-tabs
  266:8   warning  'str' is already defined            no-redeclare
  267:3   warning  Mixed spaces and tabs               no-mixed-spaces-and-tabs
  268:2   warning  Mixed spaces and tabs               no-mixed-spaces-and-tabs
  269:2   warning  Mixed spaces and tabs               no-mixed-spaces-and-tabs
  270:2   warning  Mixed spaces and tabs               no-mixed-spaces-and-tabs
  270:8   warning  '$' is not defined                  no-undef
  276:2   warning  Mixed spaces and tabs               no-mixed-spaces-and-tabs
  277:2   warning  Mixed spaces and tabs               no-mixed-spaces-and-tabs
  280:2   warning  Mixed spaces and tabs               no-mixed-spaces-and-tabs
  280:8   warning  'str' is already defined            no-redeclare
  281:1   warning  Mixed spaces and tabs               no-mixed-spaces-and-tabs
  284:2   warning  Mixed spaces and tabs               no-mixed-spaces-and-tabs
  284:8   warning  '$' is not defined                  no-undef
  290:2   warning  Mixed spaces and tabs               no-mixed-spaces-and-tabs
  291:2   warning  Mixed spaces and tabs               no-mixed-spaces-and-tabs
  295:2   warning  Mixed spaces and tabs               no-mixed-spaces-and-tabs
  295:8   warning  'str' is already defined            no-redeclare
  296:3   warning  Mixed spaces and tabs               no-mixed-spaces-and-tabs
  297:2   warning  Mixed spaces and tabs               no-mixed-spaces-and-tabs
  298:2   warning  Mixed spaces and tabs               no-mixed-spaces-and-tabs
  299:2   warning  Mixed spaces and tabs               no-mixed-spaces-and-tabs
  299:8   warning  '$' is not defined                  no-undef
  383:2   warning  'Highcharts' is not defined         no-undef
  385:1   warning  Mixed spaces and tabs               no-mixed-spaces-and-tabs
  386:1   warning  Mixed spaces and tabs               no-mixed-spaces-and-tabs
  387:1   warning  Mixed spaces and tabs               no-mixed-spaces-and-tabs
  388:1   warning  Mixed spaces and tabs               no-mixed-spaces-and-tabs
  389:1   warning  Mixed spaces and tabs               no-mixed-spaces-and-tabs
  390:1   warning  Mixed spaces and tabs               no-mixed-spaces-and-tabs
  391:1   warning  Mixed spaces and tabs               no-mixed-spaces-and-tabs
  393:3   warning  Duplicate key 'credits'             no-dupe-keys
  394:1   warning  Mixed spaces and tabs               no-mixed-spaces-and-tabs
  395:1   warning  Mixed spaces and tabs               no-mixed-spaces-and-tabs
  396:1   warning  Mixed spaces and tabs               no-mixed-spaces-and-tabs
  397:1   warning  Mixed spaces and tabs               no-mixed-spaces-and-tabs
  398:1   warning  Mixed spaces and tabs               no-mixed-spaces-and-tabs
  399:1   warning  Mixed spaces and tabs               no-mixed-spaces-and-tabs
  411:1   warning  Mixed spaces and tabs               no-mixed-spaces-and-tabs
  412:1   warning  Mixed spaces and tabs               no-mixed-spaces-and-tabs
  413:1   warning  Mixed spaces and tabs               no-mixed-spaces-and-tabs
  414:1   warning  Mixed spaces and tabs               no-mixed-spaces-and-tabs
  415:1   warning  Mixed spaces and tabs               no-mixed-spaces-and-tabs
  416:1   warning  Mixed spaces and tabs               no-mixed-spaces-and-tabs
  417:1   warning  Mixed spaces and tabs               no-mixed-spaces-and-tabs
  418:1   warning  Mixed spaces and tabs               no-mixed-spaces-and-tabs
  419:1   warning  Mixed spaces and tabs               no-mixed-spaces-and-tabs
  420:1   warning  Mixed spaces and tabs               no-mixed-spaces-and-tabs
  421:1   warning  Mixed spaces and tabs               no-mixed-spaces-and-tabs
  423:1   warning  Mixed spaces and tabs               no-mixed-spaces-and-tabs
  424:1   warning  Mixed spaces and tabs               no-mixed-spaces-and-tabs
  425:1   warning  Mixed spaces and tabs               no-mixed-spaces-and-tabs
  426:1   warning  Mixed spaces and tabs               no-mixed-spaces-and-tabs
  427:1   warning  Mixed spaces and tabs               no-mixed-spaces-and-tabs
  428:1   warning  Mixed spaces and tabs               no-mixed-spaces-and-tabs
  429:1   warning  Mixed spaces and tabs               no-mixed-spaces-and-tabs
  430:1   warning  Mixed spaces and tabs               no-mixed-spaces-and-tabs
  431:1   warning  Mixed spaces and tabs               no-mixed-spaces-and-tabs
  432:1   warning  Mixed spaces and tabs               no-mixed-spaces-and-tabs
  434:1   warning  Mixed spaces and tabs               no-mixed-spaces-and-tabs
  435:1   warning  Mixed spaces and tabs               no-mixed-spaces-and-tabs
  436:1   warning  Mixed spaces and tabs               no-mixed-spaces-and-tabs
  437:1   warning  Mixed spaces and tabs               no-mixed-spaces-and-tabs
  438:1   warning  Mixed spaces and tabs               no-mixed-spaces-and-tabs
  441:1   warning  Mixed spaces and tabs               no-mixed-spaces-and-tabs
  442:1   warning  Mixed spaces and tabs               no-mixed-spaces-and-tabs
  443:1   warning  Mixed spaces and tabs               no-mixed-spaces-and-tabs

/home/runner/work/exp-ga-interpret-coep/exp-ga-interpret-coep/experiment/simulation/src/stdJson.js
   1:5  warning  'plantDocuments' is assigned a value but never used  no-unused-vars
  22:1  warning  Mixed spaces and tabs                                no-mixed-spaces-and-tabs
  23:1  warning  Mixed spaces and tabs                                no-mixed-spaces-and-tabs
  24:1  warning  Mixed spaces and tabs                                no-mixed-spaces-and-tabs
  25:1  warning  Mixed spaces and tabs                                no-mixed-spaces-and-tabs
  26:1  warning  Mixed spaces and tabs                                no-mixed-spaces-and-tabs
  27:1  warning  Mixed spaces and tabs                                no-mixed-spaces-and-tabs
  28:1  warning  Mixed spaces and tabs                                no-mixed-spaces-and-tabs
  29:1  warning  Mixed spaces and tabs                                no-mixed-spaces-and-tabs
  30:1  warning  Mixed spaces and tabs                                no-mixed-spaces-and-tabs
  31:1  warning  Mixed spaces and tabs                                no-mixed-spaces-and-tabs
  32:1  warning  Mixed spaces and tabs                                no-mixed-spaces-and-tabs
  33:1  warning  Mixed spaces and tabs                                no-mixed-spaces-and-tabs
  38:4  warning  Mixed spaces and tabs                                no-mixed-spaces-and-tabs
  39:4  warning  Mixed spaces and tabs                                no-mixed-spaces-and-tabs
  40:4  warning  Mixed spaces and tabs                                no-mixed-spaces-and-tabs
  41:4  warning  Mixed spaces and tabs                                no-mixed-spaces-and-tabs
  42:4  warning  Mixed spaces and tabs                                no-mixed-spaces-and-tabs
  43:4  warning  Mixed spaces and tabs                                no-mixed-spaces-and-tabs
  44:4  warning  Mixed spaces and tabs                                no-mixed-spaces-and-tabs
  45:4  warning  Mixed spaces and tabs                                no-mixed-spaces-and-tabs
  46:4  warning  Mixed spaces and tabs                                no-mixed-spaces-and-tabs
  47:4  warning  Mixed spaces and tabs                                no-mixed-spaces-and-tabs
  48:4  warning  Mixed spaces and tabs                                no-mixed-spaces-and-tabs
  49:4  warning  Mixed spaces and tabs                                no-mixed-spaces-and-tabs
  50:4  warning  Mixed spaces and tabs                                no-mixed-spaces-and-tabs
  51:4  warning  Mixed spaces and tabs                                no-mixed-spaces-and-tabs
  52:4  warning  Mixed spaces and tabs                                no-mixed-spaces-and-tabs
  53:4  warning  Mixed spaces and tabs                                no-mixed-spaces-and-tabs
  54:4  warning  Mixed spaces and tabs                                no-mixed-spaces-and-tabs
  55:4  warning  Mixed spaces and tabs                                no-mixed-spaces-and-tabs
  56:4  warning  Mixed spaces and tabs                                no-mixed-spaces-and-tabs
  57:4  warning  Mixed spaces and tabs                                no-mixed-spaces-and-tabs
  61:4  warning  Mixed spaces and tabs                                no-mixed-spaces-and-tabs
  62:4  warning  Mixed spaces and tabs                                no-mixed-spaces-and-tabs
  63:4  warning  Mixed spaces and tabs                                no-mixed-spaces-and-tabs
  64:4  warning  Mixed spaces and tabs                                no-mixed-spaces-and-tabs
  65:4  warning  Mixed spaces and tabs                                no-mixed-spaces-and-tabs
  66:4  warning  Mixed spaces and tabs                                no-mixed-spaces-and-tabs
  67:4  warning  Mixed spaces and tabs                                no-mixed-spaces-and-tabs
  68:4  warning  Mixed spaces and tabs                                no-mixed-spaces-and-tabs
  69:4  warning  Mixed spaces and tabs                                no-mixed-spaces-and-tabs
  70:4  warning  Mixed spaces and tabs                                no-mixed-spaces-and-tabs
  71:4  warning  Mixed spaces and tabs                                no-mixed-spaces-and-tabs
  72:4  warning  Mixed spaces and tabs                                no-mixed-spaces-and-tabs
  73:4  warning  Mixed spaces and tabs                                no-mixed-spaces-and-tabs
  74:4  warning  Mixed spaces and tabs                                no-mixed-spaces-and-tabs
  75:4  warning  Mixed spaces and tabs                                no-mixed-spaces-and-tabs
  76:4  warning  Mixed spaces and tabs                                no-mixed-spaces-and-tabs
  77:4  warning  Mixed spaces and tabs                                no-mixed-spaces-and-tabs
  78:4  warning  Mixed spaces and tabs                                no-mixed-spaces-and-tabs
  79:4  warning  Mixed spaces and tabs                                no-mixed-spaces-and-tabs
  80:4  warning  Mixed spaces and tabs                                no-mixed-spaces-and-tabs

/home/runner/work/exp-ga-interpret-coep/exp-ga-interpret-coep/experiment/simulation/src/timer.js
   6:1  warning  '$' is not defined  no-undef
  21:4  warning  '$' is not defined  no-undef

✖ 841 problems (1 error, 840 warnings)

